# JRE version: Java(TM) SE Runtime Environment (8.0_51-b16) (build 1.8.0_51-b16)
# Java VM: Java HotSpot(TM) 64-Bit Server VM (25.51-b03 mixed mode windows-amd64 compressed oops)
Heap:
 PSYoungGen      total 316416K, used 65110K [0x00000000eab00000, 0x0000000100000000, 0x0000000100000000)
  eden space 284672K, 15% used [0x00000000eab00000,0x00000000ed6b26c0,0x00000000fc100000)
  from space 31744K, 64% used [0x00000000fe100000,0x00000000ff4e3418,0x0000000100000000)
  to   space 32256K, 0% used [0x00000000fc100000,0x00000000fc100000,0x00000000fe080000)
 ParOldGen       total 116224K, used 76043K [0x00000000c0000000, 0x00000000c7180000, 0x00000000eab00000)
  object space 116224K, 65% used [0x00000000c0000000,0x00000000c4a42e58,0x00000000c7180000)
 Metaspace       used 79948K, capacity 89486K, committed 89728K, reserved 1126400K
  class space    used 9881K, capacity 12806K, committed 12928K, reserved 1048576K
GC Heap History (10 events):
Event: 40.906 GC heap before
{Heap before GC invocations=22 (full 4):
 PSYoungGen      total 269824K, used 254897K [0x00000000eab00000, 0x00000000fef00000, 0x0000000100000000)
  eden space 251904K, 100% used [0x00000000eab00000,0x00000000fa100000,0x00000000fa100000)
  from space 17920K, 16% used [0x00000000fa100000,0x00000000fa3ec6e0,0x00000000fb280000)
  to   space 22528K, 0% used [0x00000000fd900000,0x00000000fd900000,0x00000000fef00000)
 ParOldGen       total 116224K, used 68360K [0x00000000c0000000, 0x00000000c7180000, 0x00000000eab00000)
  object space 116224K, 58% used [0x00000000c0000000,0x00000000c42c2180,0x00000000c7180000)
 Metaspace       used 78227K, capacity 87594K, committed 87808K, reserved 1124352K
  class space    used 9813K, capacity 12720K, committed 12800K, reserved 1048576K
Event: 40.921 GC heap after
Heap after GC invocations=22 (full 4):
 PSYoungGen      total 301056K, used 13899K [0x00000000eab00000, 0x00000000feb80000, 0x0000000100000000)
  eden space 282112K, 0% used [0x00000000eab00000,0x00000000eab00000,0x00000000fbe80000)
  from space 18944K, 73% used [0x00000000fd900000,0x00000000fe692d00,0x00000000feb80000)
  to   space 23040K, 0% used [0x00000000fbe80000,0x00000000fbe80000,0x00000000fd500000)
 ParOldGen       total 116224K, used 70155K [0x00000000c0000000, 0x00000000c7180000, 0x00000000eab00000)
  object space 116224K, 60% used [0x00000000c0000000,0x00000000c4482c30,0x00000000c7180000)
 Metaspace       used 78227K, capacity 87594K, committed 87808K, reserved 1124352K
  class space    used 9813K, capacity 12720K, committed 12800K, reserved 1048576K
}
Event: 1216.163 GC heap before
{Heap before GC invocations=23 (full 4):
 PSYoungGen      total 301056K, used 296011K [0x00000000eab00000, 0x00000000feb80000, 0x0000000100000000)
  eden space 282112K, 100% used [0x00000000eab00000,0x00000000fbe80000,0x00000000fbe80000)
  from space 18944K, 73% used [0x00000000fd900000,0x00000000fe692d00,0x00000000feb80000)
  to   space 23040K, 0% used [0x00000000fbe80000,0x00000000fbe80000,0x00000000fd500000)
 ParOldGen       total 116224K, used 70155K [0x00000000c0000000, 0x00000000c7180000, 0x00000000eab00000)
  object space 116224K, 60% used [0x00000000c0000000,0x00000000c4482c30,0x00000000c7180000)
 Metaspace       used 79055K, capacity 88486K, committed 88576K, reserved 1124352K
  class space    used 9838K, capacity 12794K, committed 12800K, reserved 1048576K
Event: 1216.175 GC heap after
Heap after GC invocations=23 (full 4):
 PSYoungGen      total 305152K, used 19244K [0x00000000eab00000, 0x0000000100000000, 0x0000000100000000)
  eden space 282112K, 0% used [0x00000000eab00000,0x00000000eab00000,0x00000000fbe80000)
  from space 23040K, 83% used [0x00000000fbe80000,0x00000000fd14b328,0x00000000fd500000)
  to   space 25088K, 0% used [0x00000000fe780000,0x00000000fe780000,0x0000000100000000)
 ParOldGen       total 116224K, used 70163K [0x00000000c0000000, 0x00000000c7180000, 0x00000000eab00000)
  object space 116224K, 60% used [0x00000000c0000000,0x00000000c4484c30,0x00000000c7180000)
 Metaspace       used 79055K, capacity 88486K, committed 88576K, reserved 1124352K
  class space    used 9838K, capacity 12794K, committed 12800K, reserved 1048576K
}
Event: 1248.949 GC heap before
{Heap before GC invocations=24 (full 4):
 PSYoungGen      total 305152K, used 301356K [0x00000000eab00000, 0x0000000100000000, 0x0000000100000000)
  eden space 282112K, 100% used [0x00000000eab00000,0x00000000fbe80000,0x00000000fbe80000)
  from space 23040K, 83% used [0x00000000fbe80000,0x00000000fd14b328,0x00000000fd500000)
  to   space 25088K, 0% used [0x00000000fe780000,0x00000000fe780000,0x0000000100000000)
 ParOldGen       total 116224K, used 70163K [0x00000000c0000000, 0x00000000c7180000, 0x00000000eab00000)
  object space 116224K, 60% used [0x00000000c0000000,0x00000000c4484c30,0x00000000c7180000)
 Metaspace       used 79551K, capacity 89080K, committed 89088K, reserved 1126400K
  class space    used 9858K, capacity 12800K, committed 12800K, reserved 1048576K
Event: 1248.964 GC heap after
Heap after GC invocations=24 (full 4):
 PSYoungGen      total 314880K, used 25066K [0x00000000eab00000, 0x0000000100000000, 0x0000000100000000)
  eden space 289792K, 0% used [0x00000000eab00000,0x00000000eab00000,0x00000000fc600000)
  from space 25088K, 99% used [0x00000000fe780000,0x00000000ffffaa80,0x0000000100000000)
  to   space 29696K, 0% used [0x00000000fc600000,0x00000000fc600000,0x00000000fe300000)
 ParOldGen       total 116224K, used 73113K [0x00000000c0000000, 0x00000000c7180000, 0x00000000eab00000)
  object space 116224K, 62% used [0x00000000c0000000,0x00000000c4766410,0x00000000c7180000)
 Metaspace       used 79551K, capacity 89080K, committed 89088K, reserved 1126400K
  class space    used 9858K, capacity 12800K, committed 12800K, reserved 1048576K
}
Event: 1255.031 GC heap before
{Heap before GC invocations=25 (full 4):
 PSYoungGen      total 314880K, used 314858K [0x00000000eab00000, 0x0000000100000000, 0x0000000100000000)
  eden space 289792K, 100% used [0x00000000eab00000,0x00000000fc600000,0x00000000fc600000)
  from space 25088K, 99% used [0x00000000fe780000,0x00000000ffffaa80,0x0000000100000000)
  to   space 29696K, 0% used [0x00000000fc600000,0x00000000fc600000,0x00000000fe300000)
 ParOldGen       total 116224K, used 73113K [0x00000000c0000000, 0x00000000c7180000, 0x00000000eab00000)
  object space 116224K, 62% used [0x00000000c0000000,0x00000000c4766410,0x00000000c7180000)
 Metaspace       used 79701K, capacity 89208K, committed 89344K, reserved 1126400K
  class space    used 9858K, capacity 12800K, committed 12800K, reserved 1048576K
Event: 1255.039 GC heap after
Heap after GC invocations=25 (full 4):
 PSYoungGen      total 312320K, used 22404K [0x00000000eab00000, 0x0000000100000000, 0x0000000100000000)
  eden space 289792K, 0% used [0x00000000eab00000,0x00000000eab00000,0x00000000fc600000)
  from space 22528K, 99% used [0x00000000fc600000,0x00000000fdbe13d0,0x00000000fdc00000)
  to   space 31744K, 0% used [0x00000000fe100000,0x00000000fe100000,0x0000000100000000)
 ParOldGen       total 116224K, used 76035K [0x00000000c0000000, 0x00000000c7180000, 0x00000000eab00000)
  object space 116224K, 65% used [0x00000000c0000000,0x00000000c4a40e58,0x00000000c7180000)
 Metaspace       used 79701K, capacity 89208K, committed 89344K, reserved 1126400K
  class space    used 9858K, capacity 12800K, committed 12800K, reserved 1048576K
}
Event: 1291.988 GC heap before
{Heap before GC invocations=26 (full 4):
 PSYoungGen      total 312320K, used 312196K [0x00000000eab00000, 0x0000000100000000, 0x0000000100000000)
  eden space 289792K, 100% used [0x00000000eab00000,0x00000000fc600000,0x00000000fc600000)
  from space 22528K, 99% used [0x00000000fc600000,0x00000000fdbe13d0,0x00000000fdc00000)
  to   space 31744K, 0% used [0x00000000fe100000,0x00000000fe100000,0x0000000100000000)
 ParOldGen       total 116224K, used 76035K [0x00000000c0000000, 0x00000000c7180000, 0x00000000eab00000)
  object space 116224K, 65% used [0x00000000c0000000,0x00000000c4a40e58,0x00000000c7180000)
 Metaspace       used 79940K, capacity 89486K, committed 89728K, reserved 1126400K
  class space    used 9881K, capacity 12806K, committed 12928K, reserved 1048576K
Event: 1291.996 GC heap after
Heap after GC invocations=26 (full 4):
 PSYoungGen      total 316416K, used 20365K [0x00000000eab00000, 0x0000000100000000, 0x0000000100000000)
  eden space 284672K, 0% used [0x00000000eab00000,0x00000000eab00000,0x00000000fc100000)
  from space 31744K, 64% used [0x00000000fe100000,0x00000000ff4e3418,0x0000000100000000)
  to   space 32256K, 0% used [0x00000000fc100000,0x00000000fc100000,0x00000000fe080000)
 ParOldGen       total 116224K, used 76043K [0x00000000c0000000, 0x00000000c7180000, 0x00000000eab00000)
  object space 116224K, 65% used [0x00000000c0000000,0x00000000c4a42e58,0x00000000c7180000)
 Metaspace       used 79940K, capacity 89486K, committed 89728K, reserved 1126400K
  class space    used 9881K, capacity 12806K, committed 12928K, reserved 1048576K
}

